<?xml version="1.0" encoding="UTF-8"?>
<!-- Generated by org.testng.reporters.JUnitXMLReporter -->
<testsuite hostname="NAN2DSK0213" ignored="0" tests="1" failures="1" timestamp="02 mai 2017 15:13:08 GMT" time="0.055" errors="0">
  <testcase name="jeutest" time="0.017" classname="JeuTest">
    <failure type="java.lang.AssertionError" message="expected [OK] but found [null]">
      <![CDATA[java.lang.AssertionError: expected [OK] but found [null]
	at JeuTest.jeutest(JeuTest.java:35)
... Removed 31 stack frames]]>
    </failure>
  </testcase> <!-- jeutest -->
</testsuite>
